<?xml version="1.0" encoding="UTF-8"?>
<testng-results skipped="0" failed="0" total="1" passed="1">
  <reporter-output>
  </reporter-output>
  <suite name="Default suite" duration-ms="143066" started-at="2020-02-01T08:29:09Z" finished-at="2020-02-01T08:31:32Z">
    <groups>
    </groups>
    <test name="Default test" duration-ms="143066" started-at="2020-02-01T08:29:09Z" finished-at="2020-02-01T08:31:32Z">
      <class name="driverFactory.DriverScript">
        <test-method status="PASS" signature="adminLogin()[pri:0, instance:driverFactory.DriverScript@29ee9faa]" name="adminLogin" is-config="true" duration-ms="13939" started-at="2020-02-01T13:59:09Z" finished-at="2020-02-01T13:59:23Z">
          <reporter-output>
          </reporter-output>
        </test-method> <!-- adminLogin -->
        <test-method status="PASS" signature="f()[pri:0, instance:driverFactory.DriverScript@29ee9faa]" name="f" duration-ms="117878" started-at="2020-02-01T13:59:23Z" finished-at="2020-02-01T14:01:21Z">
          <reporter-output>
          </reporter-output>
        </test-method> <!-- f -->
        <test-method status="PASS" signature="logout()[pri:0, instance:driverFactory.DriverScript@29ee9faa]" name="logout" is-config="true" duration-ms="11224" started-at="2020-02-01T14:01:21Z" finished-at="2020-02-01T14:01:32Z">
          <reporter-output>
          </reporter-output>
        </test-method> <!-- logout -->
      </class> <!-- driverFactory.DriverScript -->
    </test> <!-- Default test -->
  </suite> <!-- Default suite -->
</testng-results>
